<?xml version="1.0" encoding="UTF-8"?>
<!-- Generated by org.testng.reporters.JUnitXMLReporter -->
<testsuite hostname="USHYDVGARIMELL6" failures="1" tests="2" name="Automation" time="143.331" errors="0" timestamp="5 Mar 2018 14:17:36 GMT">
  <testcase classname="com.devOps_Test.DevOps_Selenium" name="Test_DevOps_OpenActivities" time="77.577">
    <failure type="java.lang.AssertionError" message="expected [True] but found [false]">
      <![CDATA[java.lang.AssertionError: expected [True] but found [false]
	at com.devOps_Test.DevOps_Selenium.Test_DevOps_OpenActivities(DevOps_Selenium.java:109)
... Removed 28 stack frames]]>
    </failure>
  </testcase> <!-- Test_DevOps_OpenActivities -->
  <testcase classname="com.devOps_Test.DevOps_Selenium" name="Test_DevOps_PatientAddress" time="65.73"/>
</testsuite> <!-- Automation -->
